
Log started (V12.8.0.0) Fri Mar  8 01:02:22 2019


Problem 'tsp.lp' read.
Read time = 0.09 sec. (0.05 ticks)
Infeasibility row 'outdeg(51)':  0  = 2.
Presolve time = 0.01 sec. (0.10 ticks)

Root node processing (before b&c):
  Real time             =    0.05 sec. (0.19 ticks)
Parallel b&c, 8 threads:
  Real time             =    0.00 sec. (0.00 ticks)
  Sync time (average)   =    0.00 sec.
  Wait time (average)   =    0.00 sec.
                          ------------
Total (root+branch&cut) =    0.05 sec. (0.19 ticks)


MIP - Integer infeasible.
Current MIP best bound =  0.0000000000e+00 (gap is infinite)
Solution time =    0.06 sec.  Iterations = 0  Nodes = 0
Deterministic time = 0.19 ticks  (3.04 ticks/sec)


Log started (V12.8.0.0) Fri Mar  8 01:12:12 2019


Problem 'tsp.lp' read.
Read time = 0.01 sec. (0.05 ticks)
Infeasibility row 'outdeg(51)':  0  = 2.
Presolve time = 0.00 sec. (0.10 ticks)

Root node processing (before b&c):
  Real time             =    0.00 sec. (0.19 ticks)
Parallel b&c, 8 threads:
  Real time             =    0.00 sec. (0.00 ticks)
  Sync time (average)   =    0.00 sec.
  Wait time (average)   =    0.00 sec.
                          ------------
Total (root+branch&cut) =    0.00 sec. (0.19 ticks)


MIP - Integer infeasible.
Current MIP best bound =  0.0000000000e+00 (gap is infinite)
Solution time =    0.00 sec.  Iterations = 0  Nodes = 0
Deterministic time = 0.19 ticks  (42.89 ticks/sec)


Log started (V12.8.0.0) Fri Mar  8 01:17:40 2019


Problem 'tsp.lp' read.
Read time = 0.01 sec. (0.07 ticks)
Found incumbent of value 486.000000 after 0.00 sec. (0.11 ticks)
Tried aggregator 1 time.
Reduced MIP has 51 rows, 1275 columns, and 2550 nonzeros.
Reduced MIP has 1275 binaries, 0 generals, 0 SOSs, and 0 indicators.
Presolve time = 0.01 sec. (1.07 ticks)
Tried aggregator 1 time.
Reduced MIP has 51 rows, 1275 columns, and 2550 nonzeros.
Reduced MIP has 1275 binaries, 0 generals, 0 SOSs, and 0 indicators.
Presolve time = 0.00 sec. (1.33 ticks)
Probing time = 0.00 sec. (0.20 ticks)
MIP emphasis: balance optimality and feasibility.
MIP search method: dynamic search.
Parallel mode: deterministic, using up to 8 threads.
Root relaxation solution time = 0.03 sec. (1.02 ticks)

        Nodes                                         Cuts/
   Node  Left     Objective  IInf  Best Integer    Best Bound    ItCnt     Gap

*     0+    0                          486.0000        0.0000           100.00%
      0     0      416.5000     6      486.0000      416.5000       81   14.30%
      0     0      417.0000     6      486.0000       Cuts: 5       85   14.20%
*     0     0      integral     0      419.0000       Cuts: 4       89    0.00%
      0     0        cutoff            419.0000      419.0000       89    0.00%
Elapsed time = 0.13 sec. (18.81 ticks, tree = 0.01 MB, solutions = 2)

Cover cuts applied:  2
Zero-half cuts applied:  4
Gomory fractional cuts applied:  3

Root node processing (before b&c):
  Real time             =    0.13 sec. (18.87 ticks)
Parallel b&c, 8 threads:
  Real time             =    0.00 sec. (0.00 ticks)
  Sync time (average)   =    0.00 sec.
  Wait time (average)   =    0.00 sec.
                          ------------
Total (root+branch&cut) =    0.13 sec. (18.87 ticks)

Solution pool: 2 solutions saved.

MIP - Integer optimal solution:  Objective =  4.1900000000e+02
Solution time =    0.13 sec.  Iterations = 89  Nodes = 0
Deterministic time = 18.87 ticks  (140.83 ticks/sec)


Incumbent solution
Variable Name           Solution Value
x_1_22                        1.000000
x_1_32                        1.000000
x_2_16                        1.000000
x_2_29                        1.000000
x_3_20                        1.000000
x_3_36                        1.000000
x_4_18                        1.000000
x_4_47                        1.000000
x_5_38                        1.000000
x_5_49                        1.000000
x_6_27                        1.000000
x_6_48                        1.000000
x_7_23                        1.000000
x_7_43                        1.000000
x_8_26                        1.000000
x_8_48                        1.000000
x_9_49                        1.000000
x_9_50                        1.000000
x_10_30                       1.000000
x_10_39                       1.000000
x_11_32                       1.000000
x_11_38                       1.000000
x_12_46                       1.000000
x_12_47                       1.000000
x_13_25                       1.000000
x_13_41                       1.000000
x_14_18                       1.000000
x_14_25                       1.000000
x_15_37                       1.000000
x_15_45                       1.000000
x_16_50                       1.000000
x_17_37                       1.000000
x_17_44                       1.000000
x_19_40                       1.000000
x_19_42                       1.000000
x_20_35                       1.000000
x_21_29                       1.000000
x_21_34                       1.000000
x_22_28                       1.000000
x_23_24                       1.000000
x_24_43                       1.000000
x_26_31                       1.000000
x_27_51                       1.000000
x_28_31                       1.000000
x_30_34                       1.000000
x_33_39                       1.000000
x_33_45                       1.000000
x_35_36                       1.000000
x_40_41                       1.000000
x_42_44                       1.000000
x_46_51                       1.000000
All other variables matching '*' are 0.

Log started (V12.8.0.0) Fri Mar  8 01:22:53 2019


Problem 'tsp.lp' read.
Read time = 0.02 sec. (0.58 ticks)
Found incumbent of value 7199.000000 after 0.01 sec. (0.93 ticks)
Tried aggregator 1 time.
Reduced MIP has 150 rows, 11175 columns, and 22350 nonzeros.
Reduced MIP has 11175 binaries, 0 generals, 0 SOSs, and 0 indicators.
Presolve time = 0.02 sec. (8.36 ticks)
Tried aggregator 1 time.
Reduced MIP has 150 rows, 11175 columns, and 22350 nonzeros.
Reduced MIP has 11175 binaries, 0 generals, 0 SOSs, and 0 indicators.
Presolve time = 0.03 sec. (10.54 ticks)
Probing time = 0.01 sec. (0.66 ticks)
MIP emphasis: balance optimality and feasibility.
MIP search method: dynamic search.
Parallel mode: deterministic, using up to 8 threads.
Root relaxation solution time = 0.02 sec. (8.61 ticks)

        Nodes                                         Cuts/
   Node  Left     Objective  IInf  Best Integer    Best Bound    ItCnt     Gap

*     0+    0                         7199.0000        0.0000           100.00%
      0     0     6281.0000    22     7199.0000     6281.0000      213   12.75%
*     0+    0                         6644.0000     6281.0000             5.46%
      0     0     6308.5000    12     6644.0000      Cuts: 12      230    5.05%
      0     0     6313.0000    42     6644.0000       Cuts: 4      238    4.98%
*     0+    0                         6391.0000     6313.0000             1.22%
*     0+    0                         6346.0000     6313.0000             0.52%

Repeating presolve.
Tried aggregator 2 times.
MIP Presolve eliminated 1 rows and 10695 columns.
Aggregator did 2 substitutions.
Reduced MIP has 147 rows, 478 columns, and 956 nonzeros.
Reduced MIP has 478 binaries, 0 generals, 0 SOSs, and 0 indicators.
Presolve time = 0.01 sec. (4.83 ticks)
Probing time = 0.00 sec. (0.12 ticks)
Tried aggregator 1 time.
Reduced MIP has 147 rows, 478 columns, and 956 nonzeros.
Reduced MIP has 478 binaries, 0 generals, 0 SOSs, and 0 indicators.
Presolve time = 0.00 sec. (0.57 ticks)
Represolve time = 0.02 sec. (10.38 ticks)
Probing time = 0.00 sec. (0.12 ticks)
Clique table members: 62.
MIP emphasis: balance optimality and feasibility.
MIP search method: dynamic search.
Parallel mode: deterministic, using up to 8 threads.
Root relaxation solution time = 0.00 sec. (1.45 ticks)

        Nodes                                         Cuts/
   Node  Left     Objective  IInf  Best Integer    Best Bound    ItCnt     Gap

*     0+    0                         6346.0000     6313.0000             0.52%
      0     0     6313.0000    42     6346.0000     6313.0000      443    0.52%
*     0+    0                         6337.0000     6313.0000             0.38%
      0     0     6329.0000    63     6337.0000       Cuts: 9      473    0.13%
      0     0     6331.2000    54     6337.0000      Cuts: 10      486    0.09%
      0     0        cutoff           6337.0000     6337.0000      486    0.00%
Elapsed time = 0.83 sec. (241.82 ticks, tree = 0.01 MB, solutions = 5)

Cover cuts applied:  4
Zero-half cuts applied:  12
Lift and project cuts applied:  1
Gomory fractional cuts applied:  7

Root node processing (before b&c):
  Real time             =    0.84 sec. (242.51 ticks)
Parallel b&c, 8 threads:
  Real time             =    0.00 sec. (0.00 ticks)
  Sync time (average)   =    0.00 sec.
  Wait time (average)   =    0.00 sec.
                          ------------
Total (root+branch&cut) =    0.84 sec. (242.51 ticks)

Solution pool: 5 solutions saved.

MIP - Integer optimal solution:  Objective =  6.3370000000e+03
Solution time =    0.84 sec.  Iterations = 486  Nodes = 0
Deterministic time = 242.54 ticks  (288.12 ticks/sec)


Log started (V12.8.0.0) Fri Mar  8 17:41:28 2019


Problem 'tsp.lp' read.
Read time = 0.04 sec. (0.58 ticks)
Found incumbent of value 7199.000000 after 0.02 sec. (0.93 ticks)
Tried aggregator 1 time.
Reduced MIP has 150 rows, 11175 columns, and 22350 nonzeros.
Reduced MIP has 11175 binaries, 0 generals, 0 SOSs, and 0 indicators.
Presolve time = 0.02 sec. (8.36 ticks)
Tried aggregator 1 time.
Reduced MIP has 150 rows, 11175 columns, and 22350 nonzeros.
Reduced MIP has 11175 binaries, 0 generals, 0 SOSs, and 0 indicators.
Presolve time = 0.01 sec. (10.54 ticks)
Probing time = 0.01 sec. (0.79 ticks)
MIP emphasis: balance optimality and feasibility.
MIP search method: dynamic search.
Parallel mode: deterministic, using up to 4 threads.
Root relaxation solution time = 0.01 sec. (8.61 ticks)

        Nodes                                         Cuts/
   Node  Left     Objective  IInf  Best Integer    Best Bound    ItCnt     Gap

*     0+    0                         7199.0000        0.0000           100.00%
      0     0     6281.0000    22     7199.0000     6281.0000      213   12.75%
*     0+    0                         7068.0000     6281.0000            11.13%
      0     0     6308.5000    12     7068.0000      Cuts: 12      230   10.75%
      0     0     6313.0000    42     7068.0000       Cuts: 3      238   10.68%
*     0+    0                         6388.0000     6313.0000             1.17%
      0     0     6314.3333    42     6388.0000     Covers: 1      243    1.15%
*     0+    0                         6360.0000     6314.3333             0.72%

Repeating presolve.
Tried aggregator 2 times.
MIP Presolve eliminated 0 rows and 10567 columns.
Aggregator did 2 substitutions.
Reduced MIP has 148 rows, 606 columns, and 1212 nonzeros.
Reduced MIP has 606 binaries, 0 generals, 0 SOSs, and 0 indicators.
Presolve time = 0.00 sec. (5.16 ticks)
Probing time = 0.00 sec. (0.12 ticks)
Tried aggregator 1 time.
Reduced MIP has 148 rows, 606 columns, and 1212 nonzeros.
Reduced MIP has 606 binaries, 0 generals, 0 SOSs, and 0 indicators.
Presolve time = 0.00 sec. (0.69 ticks)
Represolve time = 0.01 sec. (11.05 ticks)
Probing time = 0.00 sec. (0.12 ticks)
Clique table members: 27.
MIP emphasis: balance optimality and feasibility.
MIP search method: dynamic search.
Parallel mode: deterministic, using up to 4 threads.
Root relaxation solution time = 0.00 sec. (1.48 ticks)

        Nodes                                         Cuts/
   Node  Left     Objective  IInf  Best Integer    Best Bound    ItCnt     Gap

*     0+    0                         6360.0000     6314.3333             0.72%
      0     0     6314.3333    40     6360.0000     6314.3333      474    0.72%
*     0+    0                         6359.0000     6314.3333             0.70%
      0     0     6326.0000    32     6359.0000      Cuts: 11      489    0.52%
      0     0     6330.5000    23     6359.0000      Cuts: 10      501    0.45%
*     0+    0                         6355.0000     6330.5000             0.39%

Repeating presolve.
Tried aggregator 3 times.
MIP Presolve eliminated 3 rows and 211 columns.
Aggregator did 12 substitutions.
Reduced MIP has 133 rows, 383 columns, and 766 nonzeros.
Reduced MIP has 383 binaries, 0 generals, 0 SOSs, and 0 indicators.
Presolve time = 0.00 sec. (0.67 ticks)
Probing time = 0.00 sec. (0.13 ticks)
Tried aggregator 1 time.
MIP Presolve eliminated 0 rows and 1 columns.
Reduced MIP has 133 rows, 382 columns, and 765 nonzeros.
Reduced MIP has 382 binaries, 0 generals, 0 SOSs, and 0 indicators.
Presolve time = 0.00 sec. (0.50 ticks)
Represolve time = 0.01 sec. (5.99 ticks)
Probing time = 0.00 sec. (0.13 ticks)
Clique table members: 158.
MIP emphasis: balance optimality and feasibility.
MIP search method: dynamic search.
Parallel mode: deterministic, using up to 4 threads.
Root relaxation solution time = 0.00 sec. (1.60 ticks)

        Nodes                                         Cuts/
   Node  Left     Objective  IInf  Best Integer    Best Bound    ItCnt     Gap

*     0+    0                         6355.0000     6330.5000             0.39%
      0     0     6330.5000    23     6355.0000     6330.5000      701    0.39%
*     0+    0                         6348.0000     6330.5000             0.28%
      0     0     6336.0000    65     6348.0000      Cuts: 15      716    0.19%
*     0     0      integral     0     6337.0000      Cuts: 14      720    0.00%
      0     0        cutoff           6337.0000     6337.0000      720    0.00%
Elapsed time = 0.65 sec. (362.38 ticks, tree = 0.01 MB, solutions = 8)

Cover cuts applied:  8
Zero-half cuts applied:  17
Lift and project cuts applied:  7
Gomory fractional cuts applied:  8

Root node processing (before b&c):
  Real time             =    0.65 sec. (363.30 ticks)
Parallel b&c, 4 threads:
  Real time             =    0.00 sec. (0.00 ticks)
  Sync time (average)   =    0.00 sec.
  Wait time (average)   =    0.00 sec.
                          ------------
Total (root+branch&cut) =    0.65 sec. (363.30 ticks)

Solution pool: 8 solutions saved.

MIP - Integer optimal solution:  Objective =  6.3370000000e+03
Solution time =    0.65 sec.  Iterations = 720  Nodes = 0
Deterministic time = 363.33 ticks  (558.87 ticks/sec)


Log started (V12.9.0.0) Wed Mar 13 20:43:18 2019


Problem 'tsp_compact.lp' read.
Read time = 0.08 sec. (0.38 ticks)
Lazy constraint(s) or lazy constraint callback is present.
    Disabling dual reductions (CPX_PARAM_REDUCE) in presolve.
    Disabling non-linear reductions (CPX_PARAM_PRELINEAR) in presolve.
Tried aggregator 1 time.
MIP Presolve eliminated 0 rows and 52 columns.
Reduced MIP has 102 rows, 2600 columns, and 5100 nonzeros.
Reduced MIP has 2550 binaries, 0 generals, 0 SOSs, and 0 indicators.
Presolve time = 0.01 sec. (1.62 ticks)
Tried aggregator 1 time.
Reduced MIP has 102 rows, 2600 columns, and 5100 nonzeros.
Reduced MIP has 2550 binaries, 0 generals, 0 SOSs, and 0 indicators.
Presolve time = 0.00 sec. (1.62 ticks)
Probing time = 0.00 sec. (2.98 ticks)
Clique table members: 102.
Problem contains 3775 lazy constraints.
MIP emphasis: balance optimality and feasibility.
MIP search method: dynamic search.
Parallel mode: deterministic, using up to 4 threads.
Root relaxation solution time = 0.03 sec. (1.38 ticks)

        Nodes                                         Cuts/
   Node  Left     Objective  IInf  Best Integer    Best Bound    ItCnt     Gap

      0     0      414.5000    22                    376.0000       24         
      0     0      416.5000    54                    Fract: 1       29         
      0     0      418.5000    38                     Cuts: 2       64         
      0     0      418.5000   102                     Cuts: 7       77         
      0     0      418.5000    12                    Table: 1       78         
      0     0      418.5000    60                 ZeroHalf: 2       95         
      0     2      418.5000   106                    418.5000       95         
Elapsed time = 0.30 sec. (142.05 ticks, tree = 0.02 MB, solutions = 0)
    680   537      437.0408     4                    419.0000     6410         
   1388  1090      528.4286     4                    419.1088    12580         
   2284  1834      488.0034    12                    419.6088    18965         
   2435  2137      422.0408   109                    422.0000    22190         
   2631   142      436.8571    60                    423.7500    23862         
   3189   695      482.7602    19                    423.7500    26207         
   3937  1374      507.7143    48                    423.7500    29723         
   4757  2169      582.6327    35                    423.7500    33493         
   5004  2513      424.0000    74                    424.0000    35180         
   6121  1055      673.3469    42                    424.7500    41186         
Elapsed time = 4.65 sec. (3678.12 ticks, tree = 6.02 MB, solutions = 0)
   7830  2627      617.5510    25                    425.0000    48773         
   9767  4530      518.1714    29                    425.0000    59059         
  12020  6614      432.3946    55                    425.0000    71046         
  14551  9168      429.3265    49                    426.0000    83842         
  17366 12010      441.6122     6                    426.0000   100846         
  20258 14547      427.0332    13                    426.0051   117220         
  24094 17890      430.0612    15                    426.0272   129638         
  27923 22224      429.9524    62                    426.0437   149562         
  31930 26149      434.8776    10                    426.0612   167294         
  36038 30268      436.5102    28                    426.0918   187776         
Elapsed time = 14.67 sec. (13217.05 ticks, tree = 314.48 MB, solutions = 0)
  40019 34255      455.1224     8                    426.1224   207341         
  44200 37748      531.1469    30                    426.1541   226976         
  48594 42280      466.7653    32                    426.1786   251593         
  52703 46601      515.2245    31                    426.2000   274648         
  55643 49959      431.3061    39                    426.2327   296347         
  59764 53917      431.0793    63                    426.2500   314653         
  63802 57130      441.4320    14                    426.2998   328158         
  67629 61701      456.9388    48                    426.3333   351826         
  71440 65573      505.1378    40                    426.4017   372473         
  75396 68985      435.0802    26                    426.4490   389489         
Elapsed time = 24.62 sec. (22755.51 ticks, tree = 806.06 MB, solutions = 0)
  79518 73043      430.2500    28                    426.5000   409641         
  83233 76707      430.8352    88                    426.5000   429309         
  86937 80133      428.0554    28                    426.5095   449849         
  90675 84682      433.8646    47                    426.5442   476429         
  94700 88316      432.5102    28                    426.5663   494869         
  98702 92545      445.7857    55                    426.6122   518482         
 102724 96632      438.5408    58                    426.6531   542232         
 106395 99400      447.1020    15                    426.6837   560637         
 109081 102783      433.0574    30                    426.7143   581346         
 112479 105961      440.9184    35                    426.7347   600710         
Elapsed time = 35.76 sec. (32294.06 ticks, tree = 1305.73 MB, solutions = 0)
 115835 109675      430.1327    23                    426.7561   622893         
 119465 112637      447.7959    16                    426.7959   640234         
 123138 116829      435.2622    42                    426.8163   663180         
 126470 120110      447.0867    52                    426.8628   683436         
 129529 122964      430.9913    20                    426.8950   702119         
 132503 125948      433.2245    10                    426.9245   720538         
 135818 128811      429.7483    34                    426.9584   738504         
 139147 132731      486.8941    29                    427.0000   762656         
 143350 136682      438.6100    32                    427.0000   779809         
 147358 140144      536.6531    14                    427.0000   794351         
Elapsed time = 46.86 sec. (41832.51 ticks, tree = 1792.38 MB, solutions = 0)
 151214 144568      438.4082    16                    427.0000   815906         
 154335 147086      442.9694    41                    427.0000   830825         
 157140 150355      434.2449    36                    427.0000   849188         
 160561 153728      539.8929    17                    427.0000   866249         
 164019 157217      432.4082    34                    427.0000   884332         
 166695 159741      450.8863    28                    427.0000   900099         
 167706 160892      428.1769    94                    427.0000   907080         
 168787 162053      434.3197    69                    427.0000   916428         
 170575 163485      507.5408    27                    427.0000   925456         
 171616 164629      436.4286    61                    427.0000   933717         
Elapsed time = 60.00 sec. (51418.50 ticks, tree = 2154.49 MB, solutions = 0)
Nodefile size = 103.17 MB (54.60 MB after compression)
 172613 165641      503.0218    25                    427.0000   939992         
 174192 166894      433.8163    12                    427.0000   945484         
 174996 167992      428.0156    37                    427.0000   949602         
 175733 169135      489.1224     4                    427.0000   953661         
 176797 170040      428.0306     4                    427.0068   957023         
 177307 171092      432.0134    40                    427.0068   961179         
 179070 171896      430.6735    20                    427.0068   964387         
 179963 172757      497.4354    12                    427.0068   968013         
 180755 174072      438.6122    36                    427.0068   973328         
 182216 175406      432.8980    16                    427.0119   978975         
Elapsed time = 69.84 sec. (61359.80 ticks, tree = 2315.68 MB, solutions = 0)
Nodefile size = 259.53 MB (139.98 MB after compression)
 183257 176565      436.0756    33                    427.0122   983768         
 184524 177685      433.7347    16                    427.0136   988665         
 185799 178802      441.1673    10                    427.0163   993362         
 187047 179750      448.7143    12                    427.0168   999258         
 187673 180783      430.0612    20                    427.0168  1002686         
 189184 182003      528.8163    39                    427.0204  1009584         
 190084 182915      610.5510    34                    427.0204  1014448         
 191844 184319      438.0551    30                    427.0204  1019897         
 192544 185052      440.8367    19                    427.0204  1021682         
 193058 186046      498.7415    23                    427.0204  1025142         
Elapsed time = 79.33 sec. (71254.95 ticks, tree = 2476.44 MB, solutions = 0)
Nodefile size = 426.39 MB (231.28 MB after compression)
 194181 187159      460.0816    12                    427.0204  1029878         
 195010 187922      467.1327     4                    427.0204  1032741         
 196238 189011      438.0884     6                    427.0204  1037553         
 197780 190109      431.0577    39                    427.0204  1042042         
 198638 191004      431.0599    23                    427.0204  1045129         
 199726 192188      533.0748    25                    427.0204  1048428         
 200612 193058      442.1039    26                    427.0204  1051148         
 201366 193825      543.7755     8                    427.0204  1054886         
 202333 195274      539.0068     6                    427.0204  1058472         
 203336 196280      431.0918    17                    427.0272  1061537         
Elapsed time = 87.74 sec. (81384.67 ticks, tree = 2632.30 MB, solutions = 0)
Nodefile size = 580.52 MB (314.67 MB after compression)
 204390 197707      533.0628    27                    427.0295  1066143         
 205661 198685      525.0918    31                    427.0306  1071557         
 206570 199712      491.2789    34                    427.0306  1076882         
 206988 200551      502.6378    28                    427.0306  1081069         
 208710 201331      430.7143    14                    427.0306  1084758         
 209882 202379      434.0612    12                    427.0306  1089820         
 210765 203550      438.0904    36                    427.0306  1094907         
 211554 204539      459.1030    41                    427.0306  1098186         
 212947 205894      483.9388    10                    427.0306  1105199         
 217082 210065      433.6443    55                    427.0306  1120678         
Elapsed time = 100.60 sec. (95001.42 ticks, tree = 2844.42 MB, solutions = 0)
Nodefile size = 789.07 MB (425.99 MB after compression)
 221416 213644      502.0476     6                    427.0408  1138637         
 225030 217615      447.0068     8                    427.0473  1153567         
 228412 220997      561.4898    37                    427.0510  1170975         
 232752 225286      452.0159    17                    427.0571  1189283         
 237088 229601      459.0153    44                    427.0612  1214597         
 241190 233402      443.0755    43                    427.0612  1233279         
 244162 236823      451.2245    22                    427.0709  1247691         
 248537 241340      463.5306    14                    427.0718  1266299         
 253201 245634      447.0663    38                    427.0816  1287606         
 257211 249413      427.1359    39                    427.0884  1303301         
Elapsed time = 138.47 sec. (133945.90 ticks, tree = 3462.15 MB, solutions = 0)
Nodefile size = 1408.99 MB (834.39 MB after compression)
 260691 253333      444.5000    24                    427.0912  1319941         
 264490 257712      445.3061    34                    427.0912  1336906         
 269111 261852      457.1312    28                    427.1020  1355021         
 273271 265924      446.1066    13                    427.1028  1373921         
 276740 269237      444.4592    55                    427.1088  1390105         
 280585 273356      443.5034    45                    427.1224  1412742         
 285021 276997      531.5837    35                    427.1224  1431214         
 288531 280759      444.1463    11                    427.1280  1452927         
 292075 284172      507.0340     6                    427.1297  1469934         
 297037 288550      437.0714    14                    427.1377  1488164         
Elapsed time = 179.82 sec. (172965.32 ticks, tree = 4099.25 MB, solutions = 0)
Nodefile size = 2042.86 MB (1307.91 MB after compression)
 300382 292857      449.0238    50                    427.1487  1505191         
 304217 296248      430.5306    14                    427.1521  1522334         
 308121 300689      431.3537    51                    427.1633  1545431         
 313385 304681      428.8435    45                    427.1657  1565035         
 316563 308015      462.0119    22                    427.1667  1578908         
 319283 311325      448.3061    65                    427.1706  1595383         
 322564 315359      437.0523    36                    427.1837  1614775         
 327765 318758      431.1417    31                    427.1837  1630369         
 331517 322786      544.8367    21                    427.1855  1651062         
 334551 326799      440.4553    26                    427.1955  1669959         
Elapsed time = 221.09 sec. (211118.40 ticks, tree = 4744.19 MB, solutions = 0)
Nodefile size = 2681.39 MB (1805.84 MB after compression)
 339391 330893      432.1068    25                    427.1993  1691653         
 343139 335762      427.3061    18                    427.2066  1717098         
 347752 339745      455.3605    23                    427.2126  1738128         
 352851 344560      438.7728    47                    427.2245  1762619         
 357161 348800      433.9592    29                    427.2286  1784680         
 361523 353109      490.0000     8                    427.2286  1807962         
 366509 357566      569.0000    16                    427.2313  1835334         
 370120 362096      463.5918     4                    427.2500  1859067         
 375365 366630      456.6939    54                    427.2500  1886867         
 380501 371761      438.0942    47                    427.2582  1913052         
Elapsed time = 276.67 sec. (250241.15 ticks, tree = 5523.59 MB, solutions = 0)
Nodefile size = 3465.54 MB (2444.54 MB after compression)
 385247 376491      442.5170    16                    427.2670  1937649         
 389950 381161      428.3367     6                    427.2721  1960954         
 394561 386000      463.1429     6                    427.2806  1986880         
